<?xml version="1.0" encoding="UTF-8"?>
<!-- Generated by org.testng.reporters.JUnitReportReporter -->
<testsuite name="restAssured.Test_PUT" tests="1" time="4.097" ignored="0" failures="0" timestamp="01 Dec 2021 05:30:52 GMT" skipped="0" hostname="Rajendra-PC" errors="0">
  <testcase name="test_put" time="4.097" classname="restAssured.Test_PUT"/>
</testsuite> <!-- restAssured.Test_PUT -->
