<?xml version="1.0" encoding="UTF-8"?>
<!-- Generated by org.testng.reporters.JUnitReportReporter -->
<testsuite name="restAssured.GetUserDetails" tests="1" time="5.924" ignored="0" failures="0" timestamp="30 Jun 2023 11:36:29 GMT" skipped="0" hostname="Rajendra-PC" errors="0">
  <testcase name="getListOfUsers" time="5.924" classname="restAssured.GetUserDetails"/>
</testsuite> <!-- restAssured.GetUserDetails -->
