<?xml version="1.0" encoding="UTF-8"?>
<!-- Generated by org.testng.reporters.JUnitReportReporter -->
<testsuite name="restAssured.CreateNewUser" tests="1" time="5.110" ignored="0" failures="0" timestamp="30 Jun 2023 11:06:01 GMT" skipped="0" hostname="Rajendra-PC" errors="0">
  <testcase name="test_post" time="5.110" classname="restAssured.CreateNewUser"/>
</testsuite> <!-- restAssured.CreateNewUser -->
