<?xml version="1.0" encoding="UTF-8"?>
<!-- Generated by org.testng.reporters.JUnitReportReporter -->
<testsuite name="restAssured.test_DELETE" tests="1" time="4.323" ignored="0" failures="0" timestamp="31 Oct 2021 14:04:24 GMT" skipped="0" hostname="Rajendra-PC" errors="0">
  <testcase name="test_delete" time="4.323" classname="restAssured.test_DELETE"/>
</testsuite> <!-- restAssured.test_DELETE -->
