<?xml version="1.0" encoding="UTF-8"?>
<!-- Generated by org.testng.reporters.JUnitReportReporter -->
<testsuite name="restAssured.Test_POST" tests="1" time="4.296" ignored="0" failures="0" timestamp="30 Jun 2023 10:21:01 GMT" skipped="0" hostname="Rajendra-PC" errors="0">
  <testcase name="test_post" time="4.296" classname="restAssured.Test_POST"/>
</testsuite> <!-- restAssured.Test_POST -->
