<?xml version="1.0" encoding="UTF-8"?>
<!-- Generated by org.testng.reporters.JUnitReportReporter -->
<testsuite name="restAssured.RestAsured_Get" tests="2" time="6.727" ignored="0" failures="0" timestamp="27 Oct 2021 04:03:46 GMT" skipped="0" hostname="Rajendra-PC" errors="0">
  <testcase name="test_Get" time="4.487" classname="restAssured.RestAsured_Get"/>
  <testcase name="test_Get1" time="2.240" classname="restAssured.RestAsured_Get"/>
</testsuite> <!-- restAssured.RestAsured_Get -->
