<?xml version="1.0" encoding="UTF-8"?>
<!-- Generated by org.testng.reporters.JUnitReportReporter -->
<testsuite name="restAssured.Test_GET" tests="1" time="4.897" ignored="0" failures="0" timestamp="30 Jun 2023 10:23:54 GMT" skipped="0" hostname="Rajendra-PC" errors="0">
  <testcase name="test_get" time="4.897" classname="restAssured.Test_GET"/>
</testsuite> <!-- restAssured.Test_GET -->
