<?xml version="1.0" encoding="UTF-8"?>
<!-- Generated by org.testng.reporters.JUnitReportReporter -->
<testsuite name="restAssured.CreateNewUser" tests="1" time="0.637" ignored="0" failures="0" timestamp="30 Jun 2023 11:36:29 GMT" skipped="0" hostname="Rajendra-PC" errors="0">
  <testcase name="addUser" time="0.637" classname="restAssured.CreateNewUser"/>
</testsuite> <!-- restAssured.CreateNewUser -->
