<?xml version="1.0" encoding="UTF-8"?>
<!-- Generated by org.testng.reporters.JUnitReportReporter -->
<testsuite name="restAssured.DeleteUser" tests="1" time="3.955" ignored="0" failures="0" timestamp="30 Jun 2023 11:10:22 GMT" skipped="0" hostname="Rajendra-PC" errors="0">
  <testcase name="test_delete" time="3.955" classname="restAssured.DeleteUser"/>
</testsuite> <!-- restAssured.DeleteUser -->
