<?xml version="1.0" encoding="UTF-8"?>
<!-- Generated by org.testng.reporters.JUnitReportReporter -->
<testsuite name="restAssured.test_PATCH" tests="1" time="4.074" ignored="0" failures="0" timestamp="01 Dec 2021 05:29:41 GMT" skipped="0" hostname="Rajendra-PC" errors="0">
  <testcase name="test_patch" time="4.074" classname="restAssured.test_PATCH"/>
</testsuite> <!-- restAssured.test_PATCH -->
